[debug] [2024-07-25T13:54:55.294Z] ----------------------------------------------------------------------
[debug] [2024-07-25T13:54:55.297Z] Command:       C:\Program Files\nodejs\node.exe C:\Users\dev\AppData\Roaming\npm\node_modules\firebase-tools\lib\bin\firebase.js init
[debug] [2024-07-25T13:54:55.297Z] CLI Version:   13.14.1
[debug] [2024-07-25T13:54:55.297Z] Platform:      win32
[debug] [2024-07-25T13:54:55.298Z] Node Version:  v20.15.0
[debug] [2024-07-25T13:54:55.298Z] Time:          Thu Jul 25 2024 22:54:55 GMT+0900 (대한민국 표준시)
[debug] [2024-07-25T13:54:55.298Z] ----------------------------------------------------------------------
[debug] 
[debug] [2024-07-25T13:54:55.305Z] > command requires scopes: ["email","openid","https://www.googleapis.com/auth/cloudplatformprojects.readonly","https://www.googleapis.com/auth/firebase","https://www.googleapis.com/auth/cloud-platform"]
[debug] [2024-07-25T13:54:55.305Z] > authorizing via signed-in user (aa39043533@gmail.com)
[info] 
     ######## #### ########  ######## ########     ###     ######  ########
     ##        ##  ##     ## ##       ##     ##  ##   ##  ##       ##
     ######    ##  ########  ######   ########  #########  ######  ######
     ##        ##  ##    ##  ##       ##     ## ##     ##       ## ##
     ##       #### ##     ## ######## ########  ##     ##  ######  ########

You're about to initialize a Firebase project in this directory:

  C:\Users\dev\Documents\GitHub\chatbotchallenge\sin3chk

[info] 
=== Project Setup
[info] 
[info] First, let's associate this project directory with a Firebase project.
[info] You can create multiple project aliases by running firebase use --add, 
[info] but for now we'll just set up a default project.
[info] 
[debug] [2024-07-25T13:55:03.626Z] >>> [apiv2][query] GET https://firebase.googleapis.com/v1beta1/projects pageSize=100
[debug] [2024-07-25T13:55:04.342Z] <<< [apiv2][status] GET https://firebase.googleapis.com/v1beta1/projects 200
[debug] [2024-07-25T13:55:04.343Z] <<< [apiv2][body] GET https://firebase.googleapis.com/v1beta1/projects [omitted]
[info] i  Using project sin3chk (Sin3chk) 
[info] 
=== Database Setup
[info] i  database: ensuring required API firebasedatabase.googleapis.com is enabled... 
[debug] [2024-07-25T13:55:05.703Z] >>> [apiv2][query] GET https://serviceusage.googleapis.com/v1/projects/sin3chk/services/firebasedatabase.googleapis.com [none]
[debug] [2024-07-25T13:55:05.703Z] >>> [apiv2][(partial)header] GET https://serviceusage.googleapis.com/v1/projects/sin3chk/services/firebasedatabase.googleapis.com x-goog-quota-user=projects/sin3chk
[debug] [2024-07-25T13:55:06.402Z] <<< [apiv2][status] GET https://serviceusage.googleapis.com/v1/projects/sin3chk/services/firebasedatabase.googleapis.com 200
[debug] [2024-07-25T13:55:06.402Z] <<< [apiv2][body] GET https://serviceusage.googleapis.com/v1/projects/sin3chk/services/firebasedatabase.googleapis.com [omitted]
[info] +  database: required API firebasedatabase.googleapis.com is enabled 
[info] 
[debug] [2024-07-25T13:55:06.403Z] >>> [apiv2][query] GET https://firebasedatabase.googleapis.com/v1beta/projects/sin3chk/locations/-/instances/sin3chk-default-rtdb [none]
[debug] [2024-07-25T13:55:07.727Z] <<< [apiv2][status] GET https://firebasedatabase.googleapis.com/v1beta/projects/sin3chk/locations/-/instances/sin3chk-default-rtdb 200
[debug] [2024-07-25T13:55:07.727Z] <<< [apiv2][body] GET https://firebasedatabase.googleapis.com/v1beta/projects/sin3chk/locations/-/instances/sin3chk-default-rtdb {"name":"projects/825857783801/locations/asia-southeast1/instances/sin3chk-default-rtdb","project":"projects/825857783801","databaseUrl":"https://sin3chk-default-rtdb.asia-southeast1.firebasedatabase.app","type":"DEFAULT_DATABASE","state":"ACTIVE"}
[info] 
[info] Firebase Realtime Database Security Rules allow you to define how your data should be
[info] structured and when your data can be read from and written to.
[info] 
[debug] [2024-07-25T13:55:09.553Z] >>> [apiv2][query] GET https://sin3chk-default-rtdb.asia-southeast1.firebasedatabase.app/.settings/rules.json [none]
[debug] [2024-07-25T13:55:09.921Z] <<< [apiv2][status] GET https://sin3chk-default-rtdb.asia-southeast1.firebasedatabase.app/.settings/rules.json 200
[debug] [2024-07-25T13:55:09.921Z] <<< [apiv2][body] GET https://sin3chk-default-rtdb.asia-southeast1.firebasedatabase.app/.settings/rules.json [stream]
[info] +  Database Rules for sin3chk-default-rtdb have been written to database.rules.json. 
[info] Future modifications to database.rules.json will update Realtime Database Security Rules when you run
[info] firebase deploy.
[info] 
=== Functions Setup
[debug] [2024-07-25T13:55:09.924Z] > command requires scopes: ["email","openid","https://www.googleapis.com/auth/cloudplatformprojects.readonly","https://www.googleapis.com/auth/firebase","https://www.googleapis.com/auth/cloud-platform"]
[debug] [2024-07-25T13:55:09.924Z] > authorizing via signed-in user (aa39043533@gmail.com)
[debug] [2024-07-25T13:55:09.924Z] [iam] checking project sin3chk for permissions ["firebase.projects.get"]
[debug] [2024-07-25T13:55:09.924Z] >>> [apiv2][query] POST https://cloudresourcemanager.googleapis.com/v1/projects/sin3chk:testIamPermissions [none]
[debug] [2024-07-25T13:55:09.924Z] >>> [apiv2][(partial)header] POST https://cloudresourcemanager.googleapis.com/v1/projects/sin3chk:testIamPermissions x-goog-quota-user=projects/sin3chk
[debug] [2024-07-25T13:55:09.924Z] >>> [apiv2][body] POST https://cloudresourcemanager.googleapis.com/v1/projects/sin3chk:testIamPermissions {"permissions":["firebase.projects.get"]}
[debug] [2024-07-25T13:55:10.961Z] <<< [apiv2][status] POST https://cloudresourcemanager.googleapis.com/v1/projects/sin3chk:testIamPermissions 200
[debug] [2024-07-25T13:55:10.961Z] <<< [apiv2][body] POST https://cloudresourcemanager.googleapis.com/v1/projects/sin3chk:testIamPermissions {"permissions":["firebase.projects.get"]}
[debug] [2024-07-25T13:55:10.962Z] >>> [apiv2][query] GET https://serviceusage.googleapis.com/v1/projects/sin3chk/services/cloudfunctions.googleapis.com [none]
[debug] [2024-07-25T13:55:10.962Z] >>> [apiv2][(partial)header] GET https://serviceusage.googleapis.com/v1/projects/sin3chk/services/cloudfunctions.googleapis.com x-goog-quota-user=projects/sin3chk
[debug] [2024-07-25T13:55:10.962Z] >>> [apiv2][query] GET https://serviceusage.googleapis.com/v1/projects/sin3chk/services/runtimeconfig.googleapis.com [none]
[debug] [2024-07-25T13:55:10.962Z] >>> [apiv2][(partial)header] GET https://serviceusage.googleapis.com/v1/projects/sin3chk/services/runtimeconfig.googleapis.com x-goog-quota-user=projects/sin3chk
[debug] [2024-07-25T13:55:12.239Z] <<< [apiv2][status] GET https://serviceusage.googleapis.com/v1/projects/sin3chk/services/cloudfunctions.googleapis.com 200
[debug] [2024-07-25T13:55:12.239Z] <<< [apiv2][body] GET https://serviceusage.googleapis.com/v1/projects/sin3chk/services/cloudfunctions.googleapis.com [omitted]
[debug] [2024-07-25T13:55:12.251Z] <<< [apiv2][status] GET https://serviceusage.googleapis.com/v1/projects/sin3chk/services/runtimeconfig.googleapis.com 200
[debug] [2024-07-25T13:55:12.251Z] <<< [apiv2][body] GET https://serviceusage.googleapis.com/v1/projects/sin3chk/services/runtimeconfig.googleapis.com [omitted]
[info] Let's create a new codebase for your functions.
[info] A directory corresponding to the codebase will be created in your project
[info] with sample code pre-configured.

[info] See https://firebase.google.com/docs/functions/organize-functions for
[info] more information on organizing your functions using codebases.

[info] Functions can be deployed with firebase deploy.

[info] +  Wrote functions/requirements.txt 
[info] +  Wrote functions/.gitignore 
[info] +  Wrote functions/main.py 
[debug] [2024-07-25T13:55:25.833Z] Running command with virtualenv: command="C:\Users\dev\Documents\GitHub\chatbotchallenge\sin3chk\functions\venv\Scripts\activate.bat", args=["","&&","pip3","install","--upgrade","pip"]
[debug] [2024-07-25T13:55:26.147Z] Error: spawn "C:\Users\dev\Documents\GitHub\chatbotchallenge\sin3chk\functions\venv\Scripts\activate.bat" ENOENT
    at notFoundError (C:\Users\dev\AppData\Roaming\npm\node_modules\firebase-tools\node_modules\cross-spawn\lib\enoent.js:6:26)
    at verifyENOENT (C:\Users\dev\AppData\Roaming\npm\node_modules\firebase-tools\node_modules\cross-spawn\lib\enoent.js:40:16)
    at cp.emit (C:\Users\dev\AppData\Roaming\npm\node_modules\firebase-tools\node_modules\cross-spawn\lib\enoent.js:27:25)
    at ChildProcess._handle.onexit (node:internal/child_process:294:12)
[error] 
[error] Error: An unexpected error has occurred.
